This is XeTeX, Version 3.1415926-2.2-0.9995.2 (Web2C 2009) (INITEX)  15 OCT 2009 10:48
entering extended mode
 \write18 enabled.
***cont-en
(c:/context/tex/texmf-context/tex/context/base/cont-en.tex
(c:/context/tex/texmf-context/tex/context/base/context.tex
(c:/context/tex/texmf-context/tex/context/base/context.mkii
(c:/context/tex/texmf-context/tex/context/base/syst-ini.tex)
(c:/context/tex/texmf-context/tex/context/base/syst-pln.tex)
(c:/context/tex/texmf-context/tex/context/base/norm-tex.tex)
(c:/context/tex/texmf-context/tex/context/base/norm-etx.tex)
(c:/context/tex/texmf-context/tex/context/base/norm-ptx.tex)
(c:/context/tex/texmf-context/tex/context/base/norm-xtx.tex)
(c:/context/tex/texmf-context/tex/context/base/norm-ctx.tex)
(c:/context/tex/texmf-context/tex/context/base/catc-ini.mkii)
(c:/context/tex/texmf-context/tex/context/base/catc-act.tex)
(c:/context/tex/texmf-context/tex/context/base/catc-def.tex)
(c:/context/tex/texmf-context/tex/context/base/catc-ctx.tex)
(c:/context/tex/texmf-context/tex/context/base/catc-sym.tex)
(c:/context/tex/texmf-context/tex/context/base/syst-gen.mkii
warning: \count \scratchcounter is already defined (\relax it first)
warning: \count \globalscratchcounter is already defined (\relax it first)
warning: \dimen \scratchdimen is already defined (\relax it first)
warning: \dimen \globalscratchdimen is already defined (\relax it first)
warning: \skip \scratchskip is already defined (\relax it first)
warning: \skip \globalscratchskip is already defined (\relax it first)
warning: \muskip \scratchmuskip is already defined (\relax it first)
warning: \muskip \globalscratchmuskip is already defined (\relax it first)
warning: \toks \scratchtoks is already defined (\relax it first)
warning: \toks \globalscratchtoks is already defined (\relax it first)
warning: \box \scratchbox is already defined (\relax it first)
warning: \box \globalscratchbox is already defined (\relax it first)
warning: \dimen \scratchdimenone is already defined (\relax it first)
warning: \box \scratchboxone is already defined (\relax it first)
warning: \count \scratchcounterone is already defined (\relax it first)
warning: \dimen \scratchdimentwo is already defined (\relax it first)
warning: \box \scratchboxtwo is already defined (\relax it first)
warning: \count \scratchcountertwo is already defined (\relax it first)
warning: \toks \emptytoks is already defined (\relax it first)
loading         : ConTeXt System Macros / General
) (c:/context/tex/texmf-context/tex/context/base/syst-ext.mkii
loading         : ConTeXt System Macros / Extras
) (c:/context/tex/texmf-context/tex/context/base/syst-new.mkii)
(c:/context/tex/texmf-context/tex/context/base/syst-con.mkii
loading         : ConTeXt System Macros / Conversions
) (c:/context/tex/texmf-context/tex/context/base/thrd-trg.mkii)
(c:/context/tex/texmf-context/tex/context/base/syst-fnt.mkii)
(c:/context/tex/texmf-context/tex/context/base/syst-str.mkii)
(c:/context/tex/texmf-context/tex/context/base/syst-rtp.mkii)
(c:/context/tex/texmf-context/tex/context/base/xetx-ini.mkii)
(c:/context/tex/texmf-context/tex/context/base/xetx-utf.mkii)
(c:/context/tex/texmf-context/tex/context/base/xetx-chr.mkii)
(c:/context/tex/texmf-context/tex/context/base/xetx-cls.mkii)
(c:/context/tex/texmf-context/tex/context/base/supp-fil.mkii
loading         : ConTeXt Support Macros / Files
) (c:/context/tex/texmf-context/tex/context/base/supp-dir.mkii)
(c:/context/tex/texmf-context/tex/context/base/mult-ini.mkii
loading         : ConTeXt Multilingual Macros / Initialization
) (c:/context/tex/texmf-context/tex/context/base/mult-fst.tex)
(c:/context/tex/texmf-context/tex/context/base/mult-sys.tex
loading         : ConTeXt Multilingual Macros / System
interface       : defining english interface

interface       : using english messages

) (c:/context/tex/texmf-context/tex/context/base/mult-def.tex
(c:/context/tex/texmf-context/tex/context/base/mult-en.tex)
(c:/context/tex/texmf-context/tex/context/base/mult-men.tex))
(c:/context/tex/texmf-context/tex/context/base/mult-chk.mkii
loading         : ConTeXt Multilingual Macros / Checking
) (c:/context/tex/texmf-context/tex/context/base/core-var.mkii
loading         : ConTeXt Core Macros / Variables
) (c:/context/tex/texmf-context/tex/context/base/core-env.mkii
loading         : ConTeXt Core Macros / Environments
) (c:/context/tex/texmf-context/tex/context/base/supp-box.tex
loading         : ConTeXt Support Macros / Boxes
) (c:/context/tex/texmf-context/tex/context/base/supp-mrk.mkii
loading         : ConTeXt Support Macros / Marks
) (c:/context/tex/texmf-context/tex/context/base/supp-vis.tex
loading         : ConTeXt Support Macros / Visualization
) (c:/context/tex/texmf-context/tex/context/base/supp-fun.tex
loading         : ConTeXt Support Macros / Fun Stuff
) (c:/context/tex/texmf-context/tex/context/base/supp-spe.mkii
loading         : ConTeXt Support Macros / Specials
) (c:/context/tex/texmf-context/tex/context/base/supp-ran.mkii
loading         : ConTeXt Support Macros / Random Number Generation
(c:/context/tex/texmf-context/tex/context/base/thrd-ran.mkii))
(c:/context/tex/texmf-context/tex/context/base/supp-mps.mkii
loading         : ConTeXt Support Macros / MetaPost Inclusion
) (c:/context/tex/texmf-context/tex/context/base/supp-tpi.mkii
(c:/context/tex/texmf-context/tex/context/base/supp-eps.mkii
loading         : ConTeXt Support Macros / EPS
)
loading         : ConTeXt Support Macros / TPIC Conversion
) (c:/context/tex/texmf-context/tex/context/base/supp-mat.tex
loading         : ConTeXt Support Macros / Math
) (c:/context/tex/texmf-context/tex/context/base/supp-ali.tex)
(c:/context/tex/texmf-context/tex/context/base/supp-num.tex
loading         : ConTeXt Support Macros / Numbers
) (c:/context/tex/texmf-context/tex/context/base/verb-ini.mkii
loading         : ConTeXt Verbatim Macros / Initialization
) (c:/context/tex/texmf-context/tex/context/base/page-ins.mkii
loading         : ConTeXt Core Macros / Insertions
) (c:/context/tex/texmf-context/tex/context/base/core-fil.mkii
loading         : ConTeXt Core Macros / File Support
) (c:/context/tex/texmf-context/tex/context/base/core-con.mkii
loading         : ConTeXt Core Macros / Conversion
) (c:/context/tex/texmf-context/tex/context/base/cont-fil.tex
loading         : ConTeXt File Synonyms
) (c:/context/tex/texmf-context/tex/context/base/thrd-tab.tex)
(c:/context/tex/texmf-context/tex/context/base/supp-pat.mkii
loading         : ConTeXt Support Macros / Patterns
) (c:/context/tex/texmf-context/tex/context/base/regi-ini.mkii)
(c:/context/tex/texmf-context/tex/context/base/regi-syn.tex
loading         : ConTeXt Regime Macros / Synonyms
) (c:/context/tex/texmf-context/tex/context/base/enco-ini.mkii
loading         : ConTeXt Encoding Macros / Initialization
encoding        : coding def is loaded
(c:/context/tex/texmf-context/tex/context/base/enco-def.mkii)
encoding        : coding acc is loaded
(c:/context/tex/texmf-context/tex/context/base/enco-acc.mkii)
encoding        : coding raw is loaded
(c:/context/tex/texmf-context/tex/context/base/enco-raw.mkii)
encoding        : coding com is loaded
(c:/context/tex/texmf-context/tex/context/base/enco-com.mkii)
encoding        : coding cas is loaded
(c:/context/tex/texmf-context/tex/context/base/enco-cas.mkii)
encoding        : coding mis is loaded
(c:/context/tex/texmf-context/tex/context/base/enco-mis.mkii))
(c:/context/tex/texmf-context/tex/context/base/hand-ini.mkii
handling        : font handling def is loaded
(c:/context/tex/texmf-context/tex/context/base/hand-def.mkii))
(c:/context/tex/texmf-context/tex/context/base/lang-ini.mkii
loading         : ConTeXt Language Macros / Initialization
) (c:/context/tex/texmf-context/tex/context/base/lang-spe.mkii
loading         : ConTeXt Language Macros / Specifics
) (c:/context/tex/texmf-context/tex/context/base/lang-lab.mkii)
(c:/context/tex/texmf-context/tex/context/base/unic-ini.mkii
loading         : ConTeXt Unicode Support / Initialization
warning         : \count \utf@c is already defined (\relax it first)
unicode         : loading vector 0
(c:/context/tex/texmf-context/tex/context/base/unic-000.mkii)
unicode         : loading vector 1
(c:/context/tex/texmf-context/tex/context/base/unic-001.mkii)
unicode         : loading vector 2
(c:/context/tex/texmf-context/tex/context/base/unic-002.mkii)
unicode         : loading vector 3
(c:/context/tex/texmf-context/tex/context/base/unic-003.mkii)
unicode         : loading vector 4
(c:/context/tex/texmf-context/tex/context/base/unic-004.mkii)
unicode         : loading vector 5
(c:/context/tex/texmf-context/tex/context/base/unic-005.mkii)
unicode         : loading vector 30
(c:/context/tex/texmf-context/tex/context/base/unic-030.mkii)
unicode         : loading vector 31
(c:/context/tex/texmf-context/tex/context/base/unic-031.mkii)
unicode         : loading vector 32
(c:/context/tex/texmf-context/tex/context/base/unic-032.mkii)
unicode         : loading vector 33
(c:/context/tex/texmf-context/tex/context/base/unic-033.mkii)
unicode         : loading vector 34
(c:/context/tex/texmf-context/tex/context/base/unic-034.mkii)
unicode         : loading vector 35
(c:/context/tex/texmf-context/tex/context/base/unic-035.mkii)
unicode         : loading vector 37
(c:/context/tex/texmf-context/tex/context/base/unic-037.mkii)
unicode         : loading vector 39
(c:/context/tex/texmf-context/tex/context/base/unic-039.mkii)
unicode         : loading vector 251
(c:/context/tex/texmf-context/tex/context/base/unic-251.mkii)
unicode         : loading vector cjk
(c:/context/tex/texmf-context/tex/context/base/unic-cjk.mkii)
regime          : regime utf is loaded
(c:/context/tex/texmf-context/tex/context/base/regi-utf.mkii))
(c:/context/tex/texmf-context/tex/context/base/core-gen.mkii
loading         : ConTeXt Core Macros / General
) (c:/context/tex/texmf-context/tex/context/base/core-uti.mkii
loading         : ConTeXt Core Macros / Utility File Handling
) (c:/context/tex/texmf-context/tex/context/base/core-two.mkii
loading         : ConTeXt Core Macros / Two Pass Data
) (c:/context/tex/texmf-context/tex/context/base/core-stg.mkii)
(c:/context/tex/texmf-context/tex/context/base/spec-ini.mkii
loading         : ConTeXt Special Macros / Initialization
) (c:/context/tex/texmf-context/tex/context/base/spec-mis.mkii
loading         : ConTeXt Special Macros / Miscellaneous Macros
) (c:/context/tex/texmf-context/tex/context/base/spec-def.mkii
loading         : ConTeXt Special Macros / Definitions
) (c:/context/tex/texmf-context/tex/context/base/spec-var.mkii
loading         : ConTeXt Special Macros / Variables
) (c:/context/tex/texmf-context/tex/context/base/colo-ini.mkii
loading         : ConTeXt Color Macros / Initialization
color           : specification [s=0] at color black becomes black
color           : system rgb is loaded
(c:/context/tex/texmf-context/tex/context/base/colo-rgb.tex
color           : specification [s=0] at color black becomes black
)) (c:/context/tex/texmf-context/tex/context/base/colo-ext.mkii
loading         : ConTeXt Color Macros / Extras
) (c:/context/tex/texmf-context/tex/context/base/lang-mis.mkii
loading         : ConTeXt Language Macros / Compounds
) (c:/context/tex/texmf-context/tex/context/base/lang-url.mkii)
(c:/context/tex/texmf-context/tex/context/base/lang-ger.tex
loading         : ConTeXt Language Macros / Germanic Languages
language        : patterns nl for nl loaded (n=1,e=default,m=default)
(c:/context/tex/texmf-context/tex/context/patterns/lang-nl.pat)
language        : hyphenations nl for nl loaded (n=1,e=default,m=default)
(c:/context/tex/texmf-context/tex/context/patterns/lang-nl.hyp)
language        : patterns us for en loaded (n=2,e=default,m=default)
(c:/context/tex/texmf-context/tex/context/patterns/lang-us.pat)
language        : hyphenations us for en loaded (n=2,e=default,m=default)
(c:/context/tex/texmf-context/tex/context/patterns/lang-us.hyp)
language        : patterns de for de loaded (n=3,e=default,m=default)
(c:/context/tex/texmf-context/tex/context/patterns/lang-de.pat)
language        : hyphenations de for de loaded (n=3,e=default,m=default)
(c:/context/tex/texmf-context/tex/context/patterns/lang-de.hyp)
language        : patterns da for da loaded (n=4,e=default,m=default)
(c:/context/tex/texmf-context/tex/context/patterns/lang-da.pat)
language        : hyphenations da for da loaded (n=4,e=default,m=default)
(c:/context/tex/texmf-context/tex/context/patterns/lang-da.hyp)
language        : patterns sv for sv loaded (n=5,e=default,m=default)
(c:/context/tex/texmf-context/tex/context/patterns/lang-sv.pat)
language        : hyphenations sv for sv loaded (n=5,e=default,m=default)
(c:/context/tex/texmf-context/tex/context/patterns/lang-sv.hyp)
language        : patterns for nb not loaded
language        : patterns for nn not loaded
language        : patterns gb for en-gb loaded (n=6,e=default,m=default)
(c:/context/tex/texmf-context/tex/context/patterns/lang-gb.pat)
language        : hyphenations gb for en-gb loaded (n=6,e=default,m=default)
(c:/context/tex/texmf-context/tex/context/patterns/lang-gb.hyp))
(c:/context/tex/texmf-context/tex/context/base/lang-ita.tex
loading         : ConTeXt Language Macros / Italic Languages
language        : patterns fr for fr loaded (n=7,e=default,m=default)
(c:/context/tex/texmf-context/tex/context/patterns/lang-fr.pat)
language        : hyphenations fr for fr loaded (n=7,e=default,m=default)
(c:/context/tex/texmf-context/tex/context/patterns/lang-fr.hyp)
language        : patterns es for es loaded (n=8,e=default,m=default)
(c:/context/tex/texmf-context/tex/context/patterns/lang-es.pat)
language        : hyphenations es for es loaded (n=8,e=default,m=default)
(c:/context/tex/texmf-context/tex/context/patterns/lang-es.hyp)
language        : patterns ca for ca loaded (n=9,e=default,m=default)
(c:/context/tex/texmf-context/tex/context/patterns/lang-ca.pat)
language        : hyphenations ca for ca loaded (n=9,e=default,m=default)
(c:/context/tex/texmf-context/tex/context/patterns/lang-ca.hyp)
language        : patterns it for it loaded (n=10,e=default,m=default)
(c:/context/tex/texmf-context/tex/context/patterns/lang-it.pat)
language        : hyphenations it for it loaded (n=10,e=default,m=default)
(c:/context/tex/texmf-context/tex/context/patterns/lang-it.hyp)
language        : patterns la for la loaded (n=11,e=default,m=default)
(c:/context/tex/texmf-context/tex/context/patterns/lang-la.pat)
language        : hyphenations la for la loaded (n=11,e=default,m=default)
(c:/context/tex/texmf-context/tex/context/patterns/lang-la.hyp)
language        : patterns pt for pt loaded (n=12,e=default,m=default)
(c:/context/tex/texmf-context/tex/context/patterns/lang-pt.pat)
language        : hyphenations pt for pt loaded (n=12,e=default,m=default)
(c:/context/tex/texmf-context/tex/context/patterns/lang-pt.hyp)
language        : patterns ro for ro loaded (n=13,e=default,m=default)
(c:/context/tex/texmf-context/tex/context/patterns/lang-ro.pat)
language        : hyphenations ro for ro loaded (n=13,e=default,m=default)
(c:/context/tex/texmf-context/tex/context/patterns/lang-ro.hyp))
(c:/context/tex/texmf-context/tex/context/base/lang-sla.tex
loading         : ConTeXt Language Macros / Slavic Languages
language        : patterns pl for pl loaded (n=14,e=default,m=default)
(c:/context/tex/texmf-context/tex/context/patterns/lang-pl.pat)
language        : hyphenations pl for pl loaded (n=14,e=default,m=default)
(c:/context/tex/texmf-context/tex/context/patterns/lang-pl.hyp)
language        : patterns cs for cs loaded (n=15,e=default,m=default)
(c:/context/tex/texmf-context/tex/context/patterns/lang-cs.pat)
language        : hyphenations cs for cs loaded (n=15,e=default,m=default)
(c:/context/tex/texmf-context/tex/context/patterns/lang-cs.hyp)
language        : patterns sk for sk loaded (n=16,e=default,m=default)
(c:/context/tex/texmf-context/tex/context/patterns/lang-sk.pat)
language        : hyphenations sk for sk loaded (n=16,e=default,m=default)
(c:/context/tex/texmf-context/tex/context/patterns/lang-sk.hyp)
language        : patterns hr for hr loaded (n=17,e=default,m=default)
(c:/context/tex/texmf-context/tex/context/patterns/lang-hr.pat)
language        : hyphenations hr for hr loaded (n=17,e=default,m=default)
(c:/context/tex/texmf-context/tex/context/patterns/lang-hr.hyp)
language        : patterns sl for sl loaded (n=18,e=default,m=default)
(c:/context/tex/texmf-context/tex/context/patterns/lang-sl.pat)
language        : hyphenations sl for sl loaded (n=18,e=default,m=default)
(c:/context/tex/texmf-context/tex/context/patterns/lang-sl.hyp)
(c:/context/tex/texmf-context/tex/context/base/lang-sla.mkii))
(c:/context/tex/texmf-context/tex/context/base/lang-alt.tex
loading         : ConTeXt Language Macros / Altaic Languages
language        : patterns tr for tr loaded (n=19,e=default,m=default)
(c:/context/tex/texmf-context/tex/context/patterns/lang-tr.pat)
language        : hyphenations tr for tr loaded (n=19,e=default,m=default)
(c:/context/tex/texmf-context/tex/context/patterns/lang-tr.hyp))
(c:/context/tex/texmf-context/tex/context/base/lang-ana.tex
loading         : ConTeXt Language Macros / Anatolian Languages
) (c:/context/tex/texmf-context/tex/context/base/lang-art.tex
loading         : ConTeXt Language Macros / Artificial Languages
) (c:/context/tex/texmf-context/tex/context/base/lang-bal.tex
loading         : ConTeXt Language Macros / Baltic Languages
) (c:/context/tex/texmf-context/tex/context/base/lang-cel.tex
loading         : ConTeXt Language Macros / Celtic Languages
) (c:/context/tex/texmf-context/tex/context/base/lang-grk.tex
loading         : ConTeXt Language Macros / Greek
language        : no patterns gr for gr (n=20,e=default,m=default) (lang-gr.pat
,lang-gr.pat)
language        : no hyphenations gr for gr (n=20,e=default,m=default)
language        : patterns agr for agr loaded (n=21,e=default,m=default)
(c:/context/tex/texmf-context/tex/context/patterns/lang-agr.pat)
language        : hyphenations agr for agr loaded (n=21,e=default,m=default)
(c:/context/tex/texmf-context/tex/context/patterns/lang-agr.hyp))
(c:/context/tex/texmf-context/tex/context/base/lang-ind.tex
loading         : ConTeXt Language Macros / Indo-Iranian Languages
) (c:/context/tex/texmf-context/tex/context/base/lang-ura.tex
loading         : ConTeXt Language Macros / Uralic Languages
language        : patterns fi for fi loaded (n=22,e=default,m=default)
(c:/context/tex/texmf-context/tex/context/patterns/lang-fi.pat)
language        : hyphenations fi for fi loaded (n=22,e=default,m=default)
(c:/context/tex/texmf-context/tex/context/patterns/lang-fi.hyp)
language        : patterns hu for hu loaded (n=23,e=default,m=default)
(c:/context/tex/texmf-context/tex/context/patterns/lang-hu.pat)
language        : hyphenations hu for hu loaded (n=23,e=default,m=default)
(c:/context/tex/texmf-context/tex/context/patterns/lang-hu.hyp))
(c:/context/tex/texmf-context/tex/context/base/lang-vn.tex
loading         : ConTeXt Language Macros / Vietnamese Language
language        : no patterns vi for vi (n=24,e=default,m=default) (lang-vi.pat
,lang-vi.pat)
language        : no hyphenations vi for vi (n=24,e=default,m=default)
) (c:/context/tex/texmf-context/tex/context/base/lang-cyr.tex
loading         : ConTeXt Language Macros / Cyrillic Languages
language        : patterns ru for ru loaded (n=25,e=default,m=default)
(c:/context/tex/texmf-context/tex/context/patterns/lang-ru.pat)
language        : hyphenations ru for ru loaded (n=25,e=default,m=default)
(c:/context/tex/texmf-context/tex/context/patterns/lang-ru.hyp)
language        : patterns uk for ua loaded (n=26,e=default,m=default)
(c:/context/tex/texmf-context/tex/context/patterns/lang-uk.pat)
language        : hyphenations uk for ua loaded (n=26,e=default,m=default)
(c:/context/tex/texmf-context/tex/context/patterns/lang-uk.hyp))
(c:/context/tex/texmf-context/tex/context/base/typo-ini.mkii
loading         : ConTeXt Typographic Macros / Initialization
) (c:/context/tex/texmf-context/tex/context/base/symb-ini.mkii
loading         : ConTeXt Symbol Libraries / Initialization
) (c:/context/tex/texmf-context/tex/context/base/sort-ini.mkii
loading         : ConTeXt Sorting Macros / Initialization
) (c:/context/tex/texmf-context/tex/context/base/spac-gen.mkii
loading         : ConTeXt Core Macros / Spacing
) (c:/context/tex/texmf-context/tex/context/base/spac-grd.mkii
loading         : ConTeXt Core Macros / Grid Snapping
) (c:/context/tex/texmf-context/tex/context/base/strc-mar.mkii
loading         : ConTeXt Structure Macros / Markings
) (c:/context/tex/texmf-context/tex/context/base/anch-pos.mkii
loading         : ConTeXt Anchoring Macros / Positioning
) (c:/context/tex/texmf-context/tex/context/base/buff-ver.mkii
loading         : ConTeXt Buffer Macros / Verbatim
) (c:/context/tex/texmf-context/tex/context/base/buff-ini.mkii
loading         : ConTeXt Buffer Macros / Buffers
) (c:/context/tex/texmf-context/tex/context/base/pack-rul.mkii
loading         : ConTeXt Packaging Macros / Ruled Content
) (c:/context/tex/texmf-context/tex/context/base/trac-vis.mkii
loading         : ConTeXt Tracking Macros / Visualization
) (c:/context/tex/texmf-context/tex/context/base/strc-num.mkii
loading         : ConTeXt Structure Macros / Numbering
) (c:/context/tex/texmf-context/tex/context/base/tabl-com.mkii
loading         : ConTeXt Table Macros / Common Code
) (c:/context/tex/texmf-context/tex/context/base/tabl-pln.mkii
loading         : ConTeXt Table Macros / Plain Tabular
) (c:/context/tex/texmf-context/tex/context/base/tabl-tab.mkii
loading         : ConTeXt Table Macros / TaBlE Embedding
) (c:/context/tex/texmf-context/tex/context/base/tabl-tsp.mkii
loading         : ConTeXt Table Macros / Splitting
) (c:/context/tex/texmf-context/tex/context/base/scrn-nav.mkii
loading         : ConTeXt Screen Macros / Navigation
) (c:/context/tex/texmf-context/tex/context/base/strc-ref.mkii
loading         : ConTeXt Structure Macros / Cross Referencing
) (c:/context/tex/texmf-context/tex/context/base/pack-obj.mkii
loading         : ConTeXt Packaging Macros / Objects
) (c:/context/tex/texmf-context/tex/context/base/strc-lst.mkii
loading         : ConTeXt Structure Macros / Lists
) (c:/context/tex/texmf-context/tex/context/base/strc-itm.mkii
loading         : ConTeXt Structure Macros / Itemgroups
) (c:/context/tex/texmf-context/tex/context/base/strc-des.mkii
loading         : ConTeXt Structure Macros / Descriptions
) (c:/context/tex/texmf-context/tex/context/base/strc-mat.mkii
loading         : ConTeXt Structure Macros / Math Fundamentals
warning         : \count \supersubmode is already defined (\relax it first)
) (c:/context/tex/texmf-context/tex/context/base/strc-syn.mkii
loading         : ConTeXt Structure Macros / Synonyms and Sorts
) (c:/context/tex/texmf-context/tex/context/base/core-sys.mkii
loading         : ConTeXt Core Macros / System
) (c:/context/tex/texmf-context/tex/context/base/page-ini.mkii
loading         : ConTeXt Page Macros / Initializations
) (c:/context/tex/texmf-context/tex/context/base/page-bck.mkii
loading         : ConTeXt Page Macros / Backgrounds
warning         : \dimen \pagedepth is already defined (\relax it first)
) (c:/context/tex/texmf-context/tex/context/base/page-not.mkii
loading         : ConTeXt Page Macros / Footnotes
) (c:/context/tex/texmf-context/tex/context/base/page-one.mkii
loading         : ConTeXt Page Macros / Default Routine
) (c:/context/tex/texmf-context/tex/context/base/page-lay.mkii
loading         : ConTeXt Page Macros / Layout Specification
) (c:/context/tex/texmf-context/tex/context/base/page-log.mkii
loading         : ConTeXt Page Macros / Logos
) (c:/context/tex/texmf-context/tex/context/base/page-txt.mkii
loading         : ConTeXt Page Macros / Texts
) (c:/context/tex/texmf-context/tex/context/base/page-sid.mkii
loading         : ConTeXt Page Macros / Side Floats
) (c:/context/tex/texmf-context/tex/context/base/strc-flt.mkii
loading         : ConTeXt Structure Macros / Float Numbering
) (c:/context/tex/texmf-context/tex/context/base/page-mis.mkii
loading         : ConTeXt Page Macros / Misc Float Things
layout          : marginblocks active
) (c:/context/tex/texmf-context/tex/context/base/page-mul.mkii
loading         : ConTeXt Page Macros / Simple Multi Column
) (c:/context/tex/texmf-context/tex/context/base/page-set.mkii
loading         : ConTeXt Page Macros / Column Sets
) (c:/context/tex/texmf-context/tex/context/base/pack-lyr.mkii
loading         : ConTeXt Packaging Macros / Layers
) (c:/context/tex/texmf-context/tex/context/base/page-mak.mkii
loading         : ConTeXt Page Macros / MakeUp
) (c:/context/tex/texmf-context/tex/context/base/strc-pag.mkii
loading         : ConTeXt Structure Macros / Numbering
warning         : \count \pageno is already defined (\relax it first)
) (c:/context/tex/texmf-context/tex/context/base/page-lin.mkii
loading         : ConTeXt Core Macros / Line Numbering
) (c:/context/tex/texmf-context/tex/context/base/page-par.mkii
loading         : ConTeXt Page Macros / Paragraph Numbering
) (c:/context/tex/texmf-context/tex/context/base/page-mar.mkii
loading         : ConTeXt Page Macros / Maginal Things
) (c:/context/tex/texmf-context/tex/context/base/core-job.mkii
loading         : ConTeXt Core Macros / Job Handling
) (c:/context/tex/texmf-context/tex/context/base/strc-sec.mkii
loading         : ConTeXt Structure Macros / Sectioning
system          : mark part defined [part]
system          : mark partnumber defined [partnumber]
system          : mark chapter defined [chapter]
system          : mark chapternumber defined [chapternumber]
system          : mark section defined [section]
system          : mark sectionnumber defined [sectionnumber]
system          : mark subsection defined [subsection]
system          : mark subsectionnumber defined [subsectionnumber]
system          : mark subsubsection defined [subsubsection]
system          : mark subsubsectionnumber defined [subsubsectionnumber]
system          : mark subsubsubsection defined [subsubsubsection]
system          : mark subsubsubsectionnumber defined [subsubsubsectionnumber]
system          : mark subsubsubsubsection defined [subsubsubsubsection]
system          : mark subsubsubsubsectionnumber defined [subsubsubsubsectionnu
mber]
system          : mark title defined [title]
system          : mark titlenumber defined [titlenumber]
system          : mark subject defined [subject]
system          : mark subjectnumber defined [subjectnumber]
system          : mark subsubject defined [subsubject]
system          : mark subsubjectnumber defined [subsubjectnumber]
system          : mark subsubsubject defined [subsubsubject]
system          : mark subsubsubjectnumber defined [subsubsubjectnumber]
system          : mark subsubsubsubject defined [subsubsubsubject]
system          : mark subsubsubsubjectnumber defined [subsubsubsubjectnumber]
system          : mark subsubsubsubsubject defined [subsubsubsubsubject]
system          : mark subsubsubsubsubjectnumber defined [subsubsubsubsubjectnu
mber]
) (c:/context/tex/texmf-context/tex/context/base/strc-swd.mkii
loading         : ConTeXt Structure Macros / Sectionworlds
) (c:/context/tex/texmf-context/tex/context/base/strc-blk.mkii
loading         : ConTeXt Structure Macros / Blockmoves
) (c:/context/tex/texmf-context/tex/context/base/page-imp.mkii
loading         : ConTeXt Page Macros / Pagebody Building
) (c:/context/tex/texmf-context/tex/context/base/tabl-tbl.mkii
loading         : ConTeXt Table Macros / Tabulation
) (c:/context/tex/texmf-context/tex/context/base/scrn-int.mkii
loading         : ConTeXt Screen Macros / Interaction
) (c:/context/tex/texmf-context/tex/context/base/tabl-ntb.mkii
loading         : ConTeXt Table Macros / Natural Tables
) (c:/context/tex/texmf-context/tex/context/base/tabl-nte.mkii
loading         : ConTeXt Table Module / Natural Tables Extensions
) (c:/context/tex/texmf-context/tex/context/base/tabl-ltb.mkii
loading         : ConTeXt Table Macros / Line Tables
) (c:/context/tex/texmf-context/tex/context/base/lang-chi.mkii
loading         : ConTeXt Language Macros / Chinese
language        : no patterns cn for cn (n=27,e=default,m=default) (lang-cn.pat
,lang-cn.pat)
language        : no hyphenations cn for cn (n=27,e=default,m=default)
language        : language specific options [default-cn] seamless appended
) (c:/context/tex/texmf-context/tex/context/base/lang-jap.mkii
loading         : ConTeXt Language Macros / Japanese
language        : no patterns ja for ja (n=28,e=default,m=default) (lang-ja.pat
,lang-ja.pat)
language        : no hyphenations ja for ja (n=28,e=default,m=default)
) (c:/context/tex/texmf-context/tex/context/base/java-ini.mkii
loading         : ConTeXt JavaScript Macros / Initialization
) (c:/context/tex/texmf-context/tex/context/base/scrn-fld.mkii
loading         : ConTeXt Screen Macros / Fields
) (c:/context/tex/texmf-context/tex/context/base/scrn-hlp.mkii
loading         : ConTeXt Screen Macros / Help popups
) (c:/context/tex/texmf-context/tex/context/base/strc-reg.mkii
loading         : ConTeXt Structure Macros / Register Management
Invalid UTF-8 byte or sequence at line 80 replaced by U+FFFD.
Invalid UTF-8 byte or sequence at line 80 replaced by U+FFFD.
Invalid UTF-8 byte or sequence at line 80 replaced by U+FFFD.
Invalid UTF-8 byte or sequence at line 80 replaced by U+FFFD.
) (c:/context/tex/texmf-context/tex/context/base/font-ini.mkii
loading         : ConTeXt Font Macros / Initialization
loading         : Postponed Plain TeX Font Definitions
bodyfont        : style mm (mm) defined
bodyfont        : style rm (rm definedromanserifregular)
bodyfont        : style ss (ss definedsansserifsanssupport)
bodyfont        : style tt (tt definedteletypetypemono)
bodyfont        : style hw (hw definedhandwritten)
bodyfont        : style cg (cg definedcalligraphic)
) (c:/context/tex/texmf-context/tex/context/base/font-xtx.mkii
loading         : ConTeXt Font Macros / XeTeX Hacks
) (c:/context/tex/texmf-context/tex/context/base/font-unk.mkii)
(c:/context/tex/texmf-context/tex/context/base/font-uni.mkii
loading         : ConTeXt Font Macros / Unicode
) (c:/context/tex/texmf-context/tex/context/base/font-bfm.mkii
loading         : ConTeXt Font Macros / Mixed Bold Math Support
) (c:/context/tex/texmf-context/tex/context/base/enco-pfr.mkii)
(c:/context/tex/texmf-context/tex/context/base/type-ini.mkii
loading         : ConTeXt Typescript Macros / Initialization
) (c:/context/tex/texmf-context/tex/context/base/type-def.tex)
(c:/context/tex/texmf-context/tex/context/base/prop-ini.mkii
loading         : ConTeXt Property Macros / Initialization
) (c:/context/tex/texmf-context/tex/context/base/prop-lay.mkii
loading         : ConTeXt Property Macros / Layers
) (c:/context/tex/texmf-context/tex/context/base/prop-mis.mkii
loading         : ConTeXt Property Macros / Miscelaneous
) (c:/context/tex/texmf-context/tex/context/base/meta-ini.mkii
loading         : MetaPost Graphics / Initializations
) (c:/context/tex/texmf-context/tex/context/base/meta-tex.mkii)
(c:/context/tex/texmf-context/tex/context/base/meta-pdf.mkii
loading         : MetaPost Graphics / MPS to PDF
warning         : \count \nofMParguments is already defined (\relax it first)
) (c:/context/tex/texmf-context/tex/context/base/meta-pag.mkii
loading         : MetaPost Graphics / Page Data Management
) (c:/context/tex/texmf-context/tex/context/base/page-flw.mkii
loading         : ConTeXt Page Macros / Text Flows
) (c:/context/tex/texmf-context/tex/context/base/page-spr.mkii
loading         : ConTeXt Page Macros / Spreading
) (c:/context/tex/texmf-context/tex/context/base/page-plg.mkii
loading         : ConTeXt Page Macros / Extra Page Building
) (c:/context/tex/texmf-context/tex/context/base/page-str.mkii
loading         : ConTeXt Page Macros / Page Streams
) (c:/context/tex/texmf-context/tex/context/base/anch-pgr.mkii
loading         : ConTeXt Anchoring Macros / Grapics
) (c:/context/tex/texmf-context/tex/context/base/anch-bar.mkii
loading         : ConTeXt Anchoring Macros / Margin Bars
) (c:/context/tex/texmf-context/tex/context/base/anch-snc.mkii
loading         : ConTeXt Anchoring Macros / Synchronization
) (c:/context/tex/texmf-context/tex/context/base/math-pln.mkii
loading         : ConTeXt Math Macros / Plain Helpers
) (c:/context/tex/texmf-context/tex/context/base/math-ini.mkii
loading         : ConTeXt Math Macros / Initializations
(c:/context/tex/texmf-context/tex/context/base/math-tex.mkii)
(c:/context/tex/texmf-context/tex/context/base/math-ams.mkii)
(c:/context/tex/texmf-context/tex/context/base/math-uni.mkii))
(c:/context/tex/texmf-context/tex/context/base/math-arr.mkii
loading         : ConTeXt Math Macros / Arrows
) (c:/context/tex/texmf-context/tex/context/base/math-frc.mkii
loading         : ConTeXt Math Macros / Fractions
) (c:/context/tex/texmf-context/tex/context/base/core-fnt.mkii
loading         : ConTeXt Core Macros / Fonts
) (c:/context/tex/texmf-context/tex/context/base/strc-not.mkii
loading         : ConTeXt Structure Macros / Note Handling
) (c:/context/tex/texmf-context/tex/context/base/strc-lnt.mkii
loading         : ConTeXt Structure Macros / Line Notes
) (c:/context/tex/texmf-context/tex/context/base/core-mis.mkii
loading         : ConTeXt Core Macros / Misc Commands
) (c:/context/tex/texmf-context/tex/context/base/grph-trf.mkii
loading         : ConTeXt Graphic Macros / Transformations
) (c:/context/tex/texmf-context/tex/context/base/grph-inc.mkii
loading         : ConTeXt Graphic Macros / Figure Inclusion
) (c:/context/tex/texmf-context/tex/context/base/grph-fig.mkii
loading         : ConTeXt Graphic Macros / Figure Handling
) (c:/context/tex/texmf-context/tex/context/base/core-par.mkii
loading         : ConTeXt Core Macros / Pararaph Tricks
) (c:/context/tex/texmf-context/tex/context/base/pack-box.mkii
loading         : ConTeXt Packaging Macros / Boxes
) (c:/context/tex/texmf-context/tex/context/base/page-app.mkii
loading         : ConTeXt Page Macros / Applications
) (c:/context/tex/texmf-context/tex/context/base/meta-fig.mkii
loading         : MetaPost Graphics / Stand Alone Graphics
) (c:/context/tex/texmf-context/tex/context/base/lang-spa.tex
loading         : ConTeXt Language Macros / Spacing
) (c:/context/tex/texmf-context/tex/context/base/bibl-tra.mkii
loading         : ConTeXt Bibliography Support / BibTeX
publications    : loading formatting style from bibl-apa
(c:/context/tex/texmf-context/tex/context/bib/bibl-apa.tex))
(c:/context/tex/texmf-context/tex/context/base/xtag-ini.tex
loading         : ConTeXt XML Macros / Initialization
) (c:/context/tex/texmf-context/tex/context/base/xtag-ext.tex
loading         : ConTeXt XML Macros / Extras
) (c:/context/tex/texmf-context/tex/context/base/xtag-exp.tex
loading         : ConTeXt XML Macros / Expansion
) (c:/context/tex/texmf-context/tex/context/base/xtag-pre.tex
loading         : ConTeXt XML Macros / Predefined
) (c:/context/tex/texmf-context/tex/context/base/xtag-xsd.tex)
(c:/context/tex/texmf-context/tex/context/base/xtag-rng.tex)
(c:/context/tex/texmf-context/tex/context/base/meta-xml.tex
loading         : MetaPost Graphics / XML Hacks
) (c:/context/tex/texmf-context/tex/context/base/cont-log.tex
loading         : ConTeXt TeX Logos
) (c:/context/tex/texmf-context/tex/context/base/core-ctx.mkii
loading         : ConTeXt Core Macros / Job Control
) (c:/context/tex/texmf-context/tex/context/base/core-ini.mkii
loading         : ConTeXt Core Macros / Additional Initialization
) (c:/context/tex/texmf-context/tex/context/base/core-def.mkii
loading         : ConTeXt Core Macros / Defaults
symbols         : loading symbolset mis
(c:/context/tex/texmf-context/tex/context/base/symb-mis.tex)
symbols         : loading symbolset mvs
(c:/context/tex/texmf-context/tex/context/base/symb-mvs.tex)
symbols         : loading symbolset nav
(c:/context/tex/texmf-context/tex/context/base/symb-nav.tex))
system          : module res-12 loaded
(c:/context/tex/texmf-context/tex/context/base/x-res-12.tex)))
(c:/context/tex/texmf-context/tex/context/base/type-tmf.tex
(c:/context/tex/texmf-context/tex/context/base/type-tmf.mkii))
(c:/context/tex/texmf-context/tex/context/base/type-siz.tex
(c:/context/tex/texmf-context/tex/context/base/type-siz.mkii))
(c:/context/tex/texmf-context/tex/context/base/type-otf.tex
(c:/context/tex/texmf-context/tex/context/base/type-tmf.tex
(c:/context/tex/texmf-context/tex/context/base/type-tmf.mkii))
(c:/context/tex/texmf-context/tex/context/base/type-siz.tex
(c:/context/tex/texmf-context/tex/context/base/type-siz.mkii))
(c:/context/tex/texmf-context/tex/context/base/type-otf.tex
(c:/context/tex/texmf-context/tex/context/base/type-otf.mkii))
(c:/context/tex/texmf-context/tex/context/base/type-xtx.tex)
(c:/context/tex/texmf-context/tex/context/base/type-tmf.tex
(c:/context/tex/texmf-context/tex/context/base/type-tmf.mkii))
(c:/context/tex/texmf-context/tex/context/base/type-siz.tex
(c:/context/tex/texmf-context/tex/context/base/type-siz.mkii))
(c:/context/tex/texmf-context/tex/context/base/type-otf.tex
(c:/context/tex/texmf-context/tex/context/base/type-otf.mkii))
(c:/context/tex/texmf-context/tex/context/base/type-xtx.tex)
(c:/context/tex/texmf-context/tex/context/base/type-tmf.tex
(c:/context/tex/texmf-context/tex/context/base/type-tmf.mkii))
(c:/context/tex/texmf-context/tex/context/base/type-siz.tex
(c:/context/tex/texmf-context/tex/context/base/type-siz.mkii))
(c:/context/tex/texmf-context/tex/context/base/type-otf.tex
(c:/context/tex/texmf-context/tex/context/base/type-otf.mkii))
(c:/context/tex/texmf-context/tex/context/base/type-xtx.tex)
(c:/context/tex/texmf-context/tex/context/base/type-tmf.tex
(c:/context/tex/texmf-context/tex/context/base/type-tmf.mkii))
(c:/context/tex/texmf-context/tex/context/base/type-siz.tex
(c:/context/tex/texmf-context/tex/context/base/type-siz.mkii))
(c:/context/tex/texmf-context/tex/context/base/type-otf.tex
(c:/context/tex/texmf-context/tex/context/base/type-otf.mkii))
(c:/context/tex/texmf-context/tex/context/base/type-xtx.tex)
(c:/context/tex/texmf-context/tex/context/base/type-tmf.tex
(c:/context/tex/texmf-context/tex/context/base/type-tmf.mkii))
(c:/context/tex/texmf-context/tex/context/base/type-siz.tex
(c:/context/tex/texmf-context/tex/context/base/type-siz.mkii))
(c:/context/tex/texmf-context/tex/context/base/type-otf.tex
(c:/context/tex/texmf-context/tex/context/base/type-otf.mkii))
(c:/context/tex/texmf-context/tex/context/base/type-xtx.tex)
(c:/context/tex/texmf-context/tex/context/base/type-tmf.tex
(c:/context/tex/texmf-context/tex/context/base/type-tmf.mkii))
(c:/context/tex/texmf-context/tex/context/base/type-siz.tex
(c:/context/tex/texmf-context/tex/context/base/type-siz.mkii))
(c:/context/tex/texmf-context/tex/context/base/type-otf.tex
(c:/context/tex/texmf-context/tex/context/base/type-otf.mkii))
(c:/context/tex/texmf-context/tex/context/base/type-xtx.tex)
(c:/context/tex/texmf-context/tex/context/base/type-tmf.tex
(c:/context/tex/texmf-context/tex/context/base/type-tmf.mkii))
(c:/context/tex/texmf-context/tex/context/base/type-siz.tex
(c:/context/tex/texmf-context/tex/context/base/type-siz.mkii))
(c:/context/tex/texmf-context/tex/context/base/type-otf.tex
(c:/context/tex/texmf-context/tex/context/base/type-otf.mkii))
(c:/context/tex/texmf-context/tex/context/base/type-xtx.tex)
(c:/context/tex/texmf-context/tex/context/base/type-tmf.tex
(c:/context/tex/texmf-context/tex/context/base/type-tmf.mkii))
(c:/context/tex/texmf-context/tex/context/base/type-siz.tex
(c:/context/tex/texmf-context/tex/context/base/type-siz.mkii))
(c:/context/tex/texmf-context/tex/context/base/type-otf.tex
(c:/context/tex/texmf-context/tex/context/base/type-otf.mkii))
(c:/context/tex/texmf-context/tex/context/base/type-xtx.tex)
(c:/context/tex/texmf-context/tex/context/base/type-otf.mkii))

ConTeXt  ver: 2009.10.02 13:14 MKII  fmt: 2009.10.15  int: english/english

specials        : loading definition file dvi
(c:/context/tex/texmf-context/tex/context/base/spec-dvi.mkii)
specials        : loading definition file ps
(c:/context/tex/texmf-context/tex/context/base/spec-ps.mkii)
specials        : loading definition file tr
(c:/context/tex/texmf-context/tex/context/base/spec-tr.mkii) )
Beginning to dump on file cont-en.fmt
 (format=cont-en 2009.10.15)
105741 strings of total length 664217
490608 memory locations dumped; current usage is 2748&484557
38028 multiletter control sequences
\font\nullfont=nullfont
0 words of font info for 0 preloaded fonts
304 hyphenation exceptions
Hyphenation trie of length 113133 has 2925 ops out of 35111
  126 for language 26
  114 for language 25
  117 for language 23
  31 for language 22
  77 for language 21
  12 for language 19
  71 for language 18
  19 for language 17
  248 for language 16
  63 for language 15
  194 for language 14
  58 for language 13
  6 for language 12
  25 for language 11
  34 for language 10
  21 for language 9
  158 for language 8
  87 for language 7
  224 for language 6
  127 for language 5
  60 for language 4
  411 for language 3
  377 for language 2
  265 for language 1
No pages of output.
