  * pathway sprint 1.3.6
    Common: TD-3424 verse number appears at the end of the line
    Common: TD-3460 The // should be replaced
    Common: TD-3429 handle &lt;br&gt; in preprocessing
    Common: TD-3472 Newline character isn't recognized
    InDesign: TD-3440 Some letters begin a new page and others do not
    Linux: TD-3514 Error when exporting scriptures using custom style sheet. 
    Linux: TD-3535 Error in Xelatex Export if XeLaTeX not installed
    LibreOffice: TD-3346 footnote caller attaching the wrong way 
    LibreOffice: TD-3447 Export 1 Peter and 2 Peter shows the TOC entries aren't right 
    LibreOffice: TD-3458 Guide word not in bold
    LibreOffice: TD-3476 mark Xrefs with a THIN space character 
    LibreOffice: TD-3477 Normal space after footnote caller 
    LibreOffice: TD-3478 Footnote caller as * 
    LibreOffice: TD-3481 Add guide words for minor entries.
    LibreOffice: TD-3482 breakable space between a word and its footnote caller 
    LibreOffice: TD-3484 turn off vs1 
    LibreOffice: TD-3486 \q1 paragraphs are justified
    LibreOffice: TD-3491 Unrequested capitalization of captions 
    E-Book: TD-3453 Linux Epub TOC has contain Filename
    E-Book: TD-3461 Go Bible Output not produced
    E-Book: TD-3462 Cover page image is not showing properly
    E-Book: TD-3465 Mobile dictionary name change 
    E-Book: TD-3466 Epub css styles issue
    E-Book: TD-3470 Title Secondary not center in Epub
    E-Book: TD-3473 Error : duplicate resource: OEBPS
    E-Book: TD-3480 Error: Emply playOrder for NavPoint
    E-Book: TD-3499 Error while exporting in epub
    E-Book: TD-3507 Blank page appears after copyright page
    E-Book: TD-3508 Two close barse appears in sense number.
    E-Book: TD-3511 Two bullet appears
    Stylesheet: TD-3441 Last word not in header
    UI: TD-3451 Dictionary for Mids on ConfigurationTool Other sidebar tab 
    UI: TD-3454 Linux ConfigurationTool Epub Saveas
    UI: TD-3463 Linux Export through Pathway help dialog
    UI: TD-3471 Unhandled Exception
    UI: TD-3487 clear away the previous settings 
    UI: TD-3488 Black and White logo
    UI: TD-3503 Settings aren't saved when configuration tool opened through Style button. 
    UI: TD-3513 Words are partially appearing
    UI: TD-3529 Error when exporting twice within a minute
    XeLaTeX: TD-3414 Hanging indent for list paragraphs
    XeLaTeX: TD-3416 Margins not following settings
    XeLaTeX: TD-3438 Export Title page to XeLaTeX gives no title page 
    XeLaTeX: TD-3445 Logo too small
    XeLaTeX: TD-3446 Verse numbers separated from following verse 
    XeLaTeX: TD-3450 Acceptance test crash exporting
    XeLaTeX: TD-3452 Headword not bold in Reversal
    XeLaTeX: TD-3456 XeLaTeX crashes on big dictionary 
