  * pathway 1.3.2 sprint
    - Common: TD-3109 Improve speed on Linux
    - Help: TD-3233 Help menu item for Student Manual
    - Help: Added info about converting EPUB to MOBI for Kindles.
    - Help: Added topic for making installation package to Going Further.
    - Help: New topic for making USB/CD install package.
    - Help: Updated Toolbar overview to include the Student Manual command.
    - Installer: Remove gsdll32.dll from installer since Preview now uses Prince.
    - Installer: Fix Help Improve ckeck box.
    - LibreOffice: TD-2499 Complex form formatting 
    - LibreOffice: TD-3187 Fix columns balancing for Sena
    - LibreOffice: TD-3188 Picture is not appeared
    - LibreOffice: TD-3199 Unformated page number
    - LibreOffice: TD-3235 TOC missing in export from Paratext 
    - LibreOffice: TD-3236 Page break after main title before contents 
    - LibreOffice: TD-3237 Footnote appear double spaced on page 13 
    - LibreOffice: TD-3238 Rights page placement 
    - E-book: TD-3110
    - E-book: TD-3110 Update rights and licensing statement
    - E-book: TD-3123 E-book formatting discrepencies
    - E-book: TD-3212 Out-Of-Memory exception exporting WAO database
    - E-book: TD-3198 Book Title not appearing correctly
    - E-book: TD-3225 Epub chapter number link not working
    - E-book: TD-3227 Copyright info page not produced in Epub Output
    - E-book: TD-3230 EPUB Add References At End of Document crashes Pathway 
    - E-book: TD-3234 Crash when verse bridge contains invalid verse 
    - E-book: TD-3241 add translation for Options to Indonesian UI file.
    - E-book: TD-3242 GoBible not being created
    - Stylesheet: TD-3205 font-size difference in LibreOffice
    - Stylesheet: TD-3228 headwords are indented
    - UI: Not Responding but CPU Usage shows it is processing. 
    - UI: TD-3176 Page number list box issue in Linux
    - UI: TD-3220 Page Numbers field in Pathway
    - UI: Preview added when custom sheet chosen in Select Layout
    - Web: Web forgets what you type in the fields
