    - Common: TD-3984 Question tag appears on the scripture header in Pdf Prince
    - Common: TD-3989 Use default locations if registry not accessible
    - Common: TD-3895 License information on copyright page
    - Installer: TD-3992 Update bootstrap logic to install XeLaTeX from Team City
	- LibreOffice: TD-3481 Ad guide words for minor entries
    - LibreOffice: TD-3898 Square boxes appears in PDF output after exporting
    - LibreOffice: TD-3964 Header shows 0 along with Reference
    - LibreOffice: TD-3969 Cover image isn't full size
    - LibreOffice: TD-3975 square boxes in Table of Contents
    - LibreOffice: TD-3983 Logo missing when using "Pioneer Bible Translators" & "Other" organization.
    - LibreOffice: TD-3987 Header shows empty guidewords
    - LibreOffice: TD-3990 Header related test failures
    - LibreOffice: TD-3991 Scripture header doesn't appear
    - LibreOffice: TD-3996 Linux does not apply styles 
	- LibreOffice: TD-4006 The right guide words allows something visible behind
    - LibreOffice: TD-4007 Add guidewords for minor entries
    - LibreOffice: TD-4015 Macro not running for certain settings files
    - Epub: TD-3965 Fix validator error in Nkonya
    - Epub: TD-3997 Dictionary for Mid Reversal
    - Epub: TD-3998 theWord export crashes trying to find vrs.xml
    - UI: TD-3890 Clicking customsheet displaying preview screen
    - UI: TD-3960 Controls can be stuck against side or under scroll bar in Properties tab 
    - UI: TD-3961 Macro should run for Reference Format = Genisis 1-2
    - UI: TD-3962 update help menu to include link for getting more help online.
    - UI: TD-3962 Changed reference to Student Manual which is now online instead of installed
    - UI: TD-3963 Property tab missing 
    - UI: TD-3966 Are you sure responses
    - UI: TD-3967 Setting file error 
    - UI: TD-3968 Updated logo
    - UI: TD-3973 Pathway Hyperlink partially appears in ConfigurationTool
    - UI: TD-3976 crash clicking on Send button from web pane. 
    - UI: TD-3978 Sample Data not available for a custom
    - UI: TD-3979 No font name is been appeared against Fallback
    - UI: TD-3980 Properties and Preview tabs are missing after Reset button
    - UI: TD-3981 Stylesheet Name error on tool bar Preview after unchecked available box.
    - UI: TD-3982 Clicking on the Help me choose a right statement
	- UI: TD-4013 The word version appears twice in about dialog
	- UI: TD-4027 validation error prevents navigation on web properties tab
    - XeLaTeX: TD-3829 Two page number appear on a single page in the Dictionary
    - XeLaTeX: TD-3836 Scripture Output start left to right
    - XeLaTeX: TD-3839 Verse number 1 doesn't hide
    - XeLaTeX: TD-3842 Homograph number graph appers after the word
