  * pathway sprint 1.3.7
    - Build:TD3496 Pathway Export Error in DicMid in Linux</li>
    - Build:TD-3522 Getting a Crash, when clicking on "Send" button.</li>
    - Build:TD-3548 Paratext reported missing component if login user is not admin</li>
    - Build:Installer updates for DictionaryForMIDsConvert</li>
    - Build:Move InDesign to testing release only (not Corporate)</li>
    - Build:Remove xelatex dependancy of EPUB only build</li>
    - Libre Office:TD-3282 Drop cap should remove paragraph indentation </li>
    - Libre Office:TD-3492 out of memory on Selaru data with Fw8 </li>
    - Libre Office:TD-3509 Pdf using LibreOffice is not showing the output</li>
    - Libre Office:TD-3554 Book name in page header should reflect new book, not first book</li>
    - Libre Office:TD-3560 Drop Cap Indentation on LibreOffice Macro</li>
    - Libre Office:TD-3563 significant spaces missing from output.</li>
    - Libre Office:TD-3574 missing publisher in combined export</li>
    - Paratext plug in:TD-3459 Exception while loading dialog </li>
    - epub:TD-3361 Maintain aspect ratio on Cover image</li>
    - epub:TD-3465 Mobile dictionary name change </li>
    - epub:TD-3508 Two closing parenthesis appears after sense number</li>
    - epub:TD-3511 Two bullet appears When exporting dictionary data in E-Book. </li>
    - epub:TD-3551 Dic4Mid rename and stylesheet still not quite fully completed </li>
    - epub:TD-3552 DictionaryForMids go.bat file output</li>
    - epub:TD-3568 Optionally do not split epub letters in multiple files internally</li>
    - epub:TD-3571 Use epubcheck-3.0.1</li>
    - stylesheet:TD-3521 Getting an error, when trying to delete </li>
    - ui:TD-3504 Sample data preview isn't appear in "Sense Layout" dialog box. </li>
    - ui:TD-3505 Dictionary properties appears in Scriptures Properties tab. </li>
    - ui:TD-3520 Preview tab isn't appear in xp Configuration tool. </li>
    - ui:TD-3550 Change Pathway Icon</li>
    - ui:TD-3556 After first time, style sheet invalid dialog appears.</li>
    - ui:TD-3576 Change spelling of supercede</li>
    - XeLaTeX:TD-3512 Crash when trying to export via Xelatex in linux</li>
    - XeLaTeX:TD-3538 Foot note issue in Xelatex</li>
    - XeLaTeX:TD-3566 Chapter number is missing on Header in xelatex</li>
