|SourceProjectName:Pathway_Configuration_Tool_SE.hpr
|DestinationProjectName:Pathway_Configuration_Tool.htm
whhost.js
whmsg.js
whmozemu.js
whutils.js
whproxy.js
whstub.js
whver.js
whform.js
whphost.js
whstart.js
whtopic.js
whframes.js
whlang.js
XmlReadHelper.js
whskin_info.htm
whskin_blank.htm
whskin_pickup.htm
whskin_homepage.htm
whskin_tw.htm
whnjs.htm
whthost.js
whtdhtml.htm
whihost.js
whibody.htm
whiform.htm
whfhost.js
whfbody.htm
whfform.htm
whghost.js
whgbody.htm
whgdhtml.htm
whgdef.htm
whproj.js
whproj.htm
whdata\whtoc.js
whdata\whtoc.htm
whdata\whtdata.js
whdata\whidx.js
whdata\whidx.htm
whdata\whidata.js
whdata\whglo.js
whdata\whglo.htm
whdata\whgdata.js
cshdat_webhelp.htm
whcsh_home.htm
whcshdata.js
cshdat_robohelp.htm
wht_tab0.gif
wht_tab1.gif
wht_tab2.gif
wht_tab3.gif
wht_tab4.gif
wht_tab5.gif
wht_tab6.gif
wht_tab7.gif
wht_tab8.gif
wht_glo_h.gif
wht_glo_n.gif
wht_fts_h.gif
wht_fts_n.gif
wht_idx_h.gif
wht_idx_n.gif
wht_toc_h.gif
wht_toc_n.gif
wht_ws.gif
wht_ws_g.gif
wht_logo1.gif
wht_logo2.gif
wht_abgw.jpg
wht_abgi.jpg
wht_abge.jpg
wht_abtw.jpg
wht_abte.jpg
wht_abti.jpg
wht_spac.gif
wht_next.gif
wht_next_g.gif
wht_prev.gif
wht_prev_g.gif
wht_sync.gif
wht_hide.gif
wht_go.gif
whstart.ico
whestart.ico
whrstart.ico
whidhtml.htm
whfdhtml.htm
whskin_banner.htm
whtbar.js
chr_back.gif
chr_con_on.gif
chr_con_out.gif
chr_ind_on.gif
chr_ind_out.gif
chr_sea_on.gif
chr_sea_out.gif
chr_search.gif
chr_arrow_le_out.gif
chr_arrow_le_on.gif
chr_arrow_ri_out.gif
chr_arrow_ri_on.gif
chr_sync.gif
chr_hide.gif
chr_webpage.gif
chr_book_clo.gif
chr_book_op.gif
chr_page.gif
whskin_pdhtml.htm
whskin_plist.htm
whskin_tbars.htm
whskin_mbars.htm
whskin_frmset010.htm
whst_topics.xml
whskin_frmset01.htm
whskin_ep_ins.ski
whskin_ep_start.htm
Pathway_Configuration_Tool_hha.hhk
Pathway_Configuration_Tool.hhc
Pathway_Configuration_Tool.hhk
Concepts\Agile_development.htm
Concepts\Brochures_or_Booklets.htm
Concepts\calibre.htm
Concepts\Cascade.htm
Concepts\Checking_and_approval.htm
Concepts\Concepts_overview.htm
Concepts\Content_providing_program_.htm
Concepts\Destination.htm
Concepts\DictionaryForMIDs.htm
Concepts\Dublin_Core.htm
Concepts\EBook_(epub).htm
Concepts\Guide_words.htm
Concepts\InDesign.htm
Concepts\Intellectual_Property.htm
Concepts\Licenses_examples_SE.htm
Concepts\OpenOffice_LibreOffice.htm
Concepts\Pdf_(Using_LibreOffice).htm
Concepts\Pdf_(Using_Prince).htm
Concepts\Point.htm
Concepts\Properties_Stylesheet.htm
Concepts\Relative_and_Absolute_values.htm
Concepts\Republishing.htm
Concepts\Roles.htm
Concepts\Snippet.htm
Concepts\Standard_versus_custom.htm
Concepts\Style_naming.htm
Concepts\Stylesheet.htm
Concepts\Usage_tracking.htm
Concepts\Webonary.htm
Concepts\XeLaTex.htm
Copyright_and_License.htm
Glossary_of_Terms.htm
Goals.htm
Going_Further\Custom_installation.htm
Going_Further\Discussions.htm
Going_Further\Errors_and_features.htm
Going_Further\File_management.htm
Going_Further\Going_Further_overview.htm
Going_Further\Related_Software.htm
Going_Further\Release_Notes.htm
Going_Further\Tutorials.htm
Going_Further\USB_Drive_or_CD-ROM_installation_package.htm
Help_topic_does_not_exist.htm
Installation\Downloading.htm
Installation\Installation_overview.htm
Installation\Localization.htm
Installation\Prerequisites.htm
Known_Issues\Front_matter_and_back_matter.htm
Known_Issues\Known_Issues_overview.htm
Known_Issues\Open_Office_issues.htm
Overview.htm
Tasks\Basic_Tasks\Add_a_new_stylesheet.htm
Tasks\Basic_Tasks\Archive_data_through_Pathway.htm
Tasks\Basic_Tasks\Basic_tasks_overview.htm
Tasks\Basic_Tasks\Choosing_a_rights_statement-SIL_International.htm
Tasks\Basic_Tasks\Choosing_a_rights_statement_Other_Organizations.htm
Tasks\Basic_Tasks\Choosing_a_rights_statement_overview.htm
Tasks\Basic_Tasks\Copy_a_stylesheet.htm
Tasks\Basic_Tasks\Create_a_custom_rights_statement.htm
Tasks\Basic_Tasks\Display_list_of_stylesheets.htm
Tasks\Basic_Tasks\Edit_a_stylesheet.htm
Tasks\Basic_Tasks\Formatting_booklets.htm
Tasks\Basic_Tasks\Letter_headers.htm
Tasks\Basic_Tasks\RAMP_Metadata.htm
Tasks\Basic_Tasks\Sending_stylesheets.htm
Tasks\Basic_Tasks\Setting_default_selections.htm
Tasks\Basic_Tasks\Specifying_metadata.htm
Tasks\Basic_Tasks\Specifying_page_size.htm
Tasks\Dictionary_Tasks\Bullets.htm
Tasks\Dictionary_Tasks\Dictionary_Tasks_overview.htm
Tasks\Dictionary_Tasks\Entry_formats.htm
Tasks\Dictionary_Tasks\Head_words_in_headers.htm
Tasks\Dictionary_Tasks\Language_syles.htm
Tasks\Dictionary_Tasks\Pictures_with_entries.htm
Tasks\Dictionary_Tasks\Processing_a_dictionary.htm
Tasks\Set_up_Web_Tasks\Set_up_Web_overview.htm
Tasks\Set_up_Web_Tasks\Set_up_web_stylesheet.htm
Tasks\Tasks_overview.htm
Tech_support.htm
User_Interface\Dialog_boxes\About_Pathway.htm
User_Interface\Dialog_boxes\Dialog_boxes_overview.htm
User_Interface\Dialog_boxes\Export_Through_Pathway_dialog_box.htm
User_Interface\Dialog_boxes\Front_Matter_tab.htm
User_Interface\Dialog_boxes\Open_the_Export_Through_Pathway_dialog_box.htm
User_Interface\Dialog_boxes\Organization_Name.htm
User_Interface\Dialog_boxes\Preparation_before_exporting_data.htm
User_Interface\Dialog_boxes\Processing_Options_tab.htm
User_Interface\Dialog_boxes\Publication_Info_tab.htm
User_Interface\Dialog_boxes\Select_Layout_dialog_box.htm
User_Interface\Dialog_boxes\Select_Your_Organization_dialog_box.htm
User_Interface\Dialog_boxes\Set_Defaults_dialog_box.htm
User_Interface\Panes\Navigation_pane.htm
User_Interface\Panes\Panes_overview.htm
User_Interface\Panes\Stylesheet.htm
User_Interface\Panes\Stylesheets_pane.htm
User_Interface\Toolbars\Toolbar_overview.htm
User_Interface\User_Interface_overview.htm
User_Interface\User_Interface_terms\Also_Embed_Font_Variants.htm
User_Interface\User_Interface_terms\Approved_By.htm
User_Interface\User_Interface_terms\Available_check_box.htm
User_Interface\User_Interface_terms\Base_Font_Size.htm
User_Interface\User_Interface_terms\Book_Title.htm
User_Interface\User_Interface_terms\Column_Gap.htm
User_Interface\User_Interface_terms\Columns.htm
User_Interface\User_Interface_terms\Comment.htm
User_Interface\User_Interface_terms\Copyright_Holder.htm
User_Interface\User_Interface_terms\Copyright_Information_Page.htm
User_Interface\User_Interface_terms\Cover_Image.htm
User_Interface\User_Interface_terms\Cover_Image_Page.htm
User_Interface\User_Interface_terms\Creator.htm
User_Interface\User_Interface_terms\Description.htm
User_Interface\User_Interface_terms\Description_(Publication).htm
User_Interface\User_Interface_terms\Disable_widow_orphan_control.htm
User_Interface\User_Interface_terms\Divider_Lines.htm
User_Interface\User_Interface_terms\Embed_Fonts_in_Document.htm
User_Interface\User_Interface_terms\Fallback_Font.htm
User_Interface\User_Interface_terms\Files_Produced.htm
User_Interface\User_Interface_terms\Fixed_Line_Height.htm
User_Interface\User_Interface_terms\Font_Size.htm
User_Interface\User_Interface_terms\Guideword_Length.htm
User_Interface\User_Interface_terms\If_font_is_missing.htm
User_Interface\User_Interface_terms\If_font_is_non-SIL.htm
User_Interface\User_Interface_terms\Include_Images.htm
User_Interface\User_Interface_terms\Justified.htm
User_Interface\User_Interface_terms\Line_Height.htm
User_Interface\User_Interface_terms\Line_Spacing.htm
User_Interface\User_Interface_terms\Maximum_Image_Width.htm
User_Interface\User_Interface_terms\Name.htm
User_Interface\User_Interface_terms\No_page_breaks_within_letters.htm
User_Interface\User_Interface_terms\Page_margin.htm
User_Interface\User_Interface_terms\Page_Numbers.htm
User_Interface\User_Interface_terms\Page_size.htm
User_Interface\User_Interface_terms\Pictures.htm
User_Interface\User_Interface_terms\Publisher.htm
User_Interface\User_Interface_terms\Running_Header.htm
User_Interface\User_Interface_terms\Sense_Layout.htm
User_Interface\User_Interface_terms\Split_File_by_Letter.htm
User_Interface\User_Interface_terms\Text_Alignment.htm
User_Interface\User_Interface_terms\Title_Page.htm
User_Interface\User_Interface_terms\TOC_level.htm
User_Interface\User_Interface_terms\User_Interface_terms_Info.htm
User_Interface\User_Interface_terms\User_Interface_terms_overview.htm
User_Interface\User_Interface_terms\User_Interface_terms_Properties.htm
User_Interface\User_Interface_terms\User_Interface_terms_Set_Defaults.htm
User_Interface\User_Interface_terms\Vertical_Justify.htm
Using_Help\Help_Window\change_the_font_size_of_a_topic.htm
Using_Help\Help_Window\Change_the_formatting_or_style_of_a_topic.htm
Using_Help\Help_Window\Copy_a_help_topic.htm
Using_Help\Help_Window\Create_a_list_of_favorite_help_topics.htm
Using_Help\Help_Window\Customize_the_Help_window.htm
Using_Help\Help_Window\Find_a_help_topic.htm
Using_Help\Help_Window\Help_Window_overview.htm
Using_Help\Help_Window\Help_window_screen_shot.htm
Using_Help\Help_Window\Hide_or_show_the_Navigation_pane.htm
Using_Help\Help_Window\Print_the_current_Help_topic.htm
Using_Help\Help_Window\Tips_on_finding_information_using_Help.htm
Using_Help\Help_Window\Understanding_Help_window_panes.htm
Using_Help\Help_Window\Work_with_topics_using_the_toolbar_buttons.htm
Using_Help\Searching_for_Help_Topics\Find_information_using_a_simple_search.htm
Using_Help\Searching_for_Help_Topics\Find_information_using_an_advanced_search.htm
Using_Help\Searching_for_Help_Topics\Find_words_similar_to_your_search_term.htm
Using_Help\Searching_for_Help_Topics\Search_for_Information_overview.htm
Using_Help\Searching_for_Help_Topics\Search_for_words_or_phrases.htm
Using_Help\Searching_for_Help_Topics\Search_only_the_last_group_of_topics.htm
Using_Help\Searching_for_Help_Topics\Search_topic_titles_only.htm
Using_Help\Searching_for_Help_Topics\Search_using_boolean_operators.htm
Using_Help\Searching_for_Help_Topics\Search_using_nested_expressions.htm
Using_Help\Shortcuts\Shortcuts_for_the_Contents_tab.htm
Using_Help\Shortcuts\Shortcuts_for_the_Favorites_tab.htm
Using_Help\Shortcuts\Shortcuts_for_the_Help_window.htm
Using_Help\Shortcuts\Shortcuts_for_the_Index_tab.htm
Using_Help\Shortcuts\Shortcuts_for_the_Options_menu.htm
Using_Help\Shortcuts\Shortcuts_for_the_Search_tab.htm
Using_Help\Shortcuts\Shortcuts_overview.htm
Using_Help\Using_help_overview.htm
Pathway_Configuration_Tool.glo
Help.css
User_Interface\Toolbars\ResetButton.png
User_Interface\Dialog_boxes\Next_icon.PNG
User_Interface\Copy.PNG
User_Interface\Dialog_boxes\Preview_icon.PNG
UncheckedBox.PNG
Using_Help\Help_Window\Help_window_screen_shot_HTML.png
Using_Help\Help_Window\Help_window_screen_shot_web.png
Going_Further\Files.PNG
User_Interface\Dialog_boxes\Previous_icon.PNG
CheckedBox.PNG
Using_Help\Help_Window\Button_to_close_Navigation_pane.gif
User_Interface\Panes\Paper.PNG
User_Interface\Panes\web.PNG
User_Interface\Panes\others.PNG
User_Interface\New.PNG
SIL_Logo.png
User_Interface\mobile.PNG
User_Interface\Send.PNG
Tasks\Ellipsis_button.PNG
User_Interface\Defaults.PNG
WarningNoConsent.png
Concepts\RedExcPoint.PNG
User_Interface\Panes\Mobile.PNG
Important_Icon.gif
Using_Help\Searching_for_Help_Topics\Black_arrow_right.gif
User_Interface\User_Interface_terms\Page_Number_locationsEP.png
User_Interface\Delete.PNG
User_Interface\Preview.PNG
Tasks\CheckedBox.PNG
User_Interface\Toolbars\Help.png
User_Interface\Dialog_boxes\QuestionHelpcaller.png
Tasks\ClearedCheckBox.PNG
User_Interface\Copy_of_web.PNG
User_Interface\Paper.PNG
User_Interface\User_Interface_terms\Page_Number_locations.png
User_Interface\web.PNG
Note_Icon.gif
whxdata\package_0_xml.js
whxdata\package_1_xml.js
whxdata\packageindex_xml.js
whxdata\synonym.xml
whxdata\synonym_xml.js
whxdata\topictable_0_xml.js
whxdata\topictableindex_xml.js
whxdata\whfts.xml
whxdata\whfts_xml.js
whproj_xml.js
whxdata\whtoc_xml.js
whxdata\whidx_xml.js
whxdata\whglo_xml.js
resource\resource_xml.js
whbrs_xml.js
whres_xml.js
whcsh_xml.js
whxdata\whtdata0_xml.js
whxdata\whidata0_xml.js
whdata\whtdata0.htm
whdata\whidata0.htm
Pathway_Configuration_Tool.htm
Pathway_Configuration_Tool_csh.htm
Pathway_Configuration_Tool_rhc.htm
